Analysis & Elaboration report for BeMicro_MAX10_top
Sat Jan  8 15:29:29 2022
Quartus Prime Version 21.1.0 Build 842 10/21/2021 SJ Lite Edition


---------------------
; Table of Contents ;
---------------------
  1. Legal Notice
  2. Analysis & Elaboration Summary
  3. Parallel Compilation
  4. Analysis & Elaboration IP Cores Summary
  5. Source assignments for rom_0:finch|altsyncram:altsyncram_component|altsyncram_h0d1:auto_generated|altsyncram_lje2:altsyncram1
  6. Parameter Settings for User Entity Instance: Top-level Entity: |BeMicro_MAX10_top
  7. Parameter Settings for User Entity Instance: pll_0:pll0|altpll:altpll_component
  8. Parameter Settings for User Entity Instance: horizontal_generator:vga_horizontal
  9. Parameter Settings for User Entity Instance: rom_0:finch|altsyncram:altsyncram_component
 10. altpll Parameter Settings by Entity Instance
 11. altsyncram Parameter Settings by Entity Instance
 12. Analysis & Elaboration Settings
 13. Port Connectivity Checks: "rom_0:finch"
 14. Port Connectivity Checks: "vertical_generator:vga_vertical"
 15. Port Connectivity Checks: "horizontal_generator:vga_horizontal"
 16. Port Connectivity Checks: "pll_0:pll0"
 17. In-System Memory Content Editor Settings
 18. Analysis & Elaboration Messages



----------------
; Legal Notice ;
----------------
Copyright (C) 2021  Intel Corporation. All rights reserved.
Your use of Intel Corporation's design tools, logic functions 
and other software and tools, and any partner logic 
functions, and any output files from any of the foregoing 
(including device programming or simulation files), and any 
associated documentation or information are expressly subject 
to the terms and conditions of the Intel Program License 
Subscription Agreement, the Intel Quartus Prime License Agreement,
the Intel FPGA IP License Agreement, or other applicable license
agreement, including, without limitation, that your use is for
the sole purpose of programming logic devices manufactured by
Intel and sold by Intel or its authorized distributors.  Please
refer to the applicable agreement for further details, at
https://fpgasoftware.intel.com/eula.



+----------------------------------------------------------------------------------+
; Analysis & Elaboration Summary                                                   ;
+------------------------------------+---------------------------------------------+
; Analysis & Elaboration Status      ; Successful - Sat Jan  8 15:29:29 2022       ;
; Quartus Prime Version              ; 21.1.0 Build 842 10/21/2021 SJ Lite Edition ;
; Revision Name                      ; BeMicro_MAX10_top                           ;
; Top-level Entity Name              ; BeMicro_MAX10_top                           ;
; Family                             ; MAX 10                                      ;
; Total logic elements               ; N/A until Partition Merge                   ;
;     Total combinational functions  ; N/A until Partition Merge                   ;
;     Dedicated logic registers      ; N/A until Partition Merge                   ;
; Total registers                    ; N/A until Partition Merge                   ;
; Total pins                         ; N/A until Partition Merge                   ;
; Total virtual pins                 ; N/A until Partition Merge                   ;
; Total memory bits                  ; N/A until Partition Merge                   ;
; Embedded Multiplier 9-bit elements ; N/A until Partition Merge                   ;
; Total PLLs                         ; N/A until Partition Merge                   ;
; UFM blocks                         ; N/A until Partition Merge                   ;
; ADC blocks                         ; N/A until Partition Merge                   ;
+------------------------------------+---------------------------------------------+


+------------------------------------------+
; Parallel Compilation                     ;
+----------------------------+-------------+
; Processors                 ; Number      ;
+----------------------------+-------------+
; Number detected on machine ; 2           ;
; Maximum allowed            ; 2           ;
;                            ;             ;
; Average used               ; 1.00        ;
; Maximum used               ; 1           ;
;                            ;             ;
; Usage by Processor         ; % Time Used ;
;     Processor 1            ; 100.0%      ;
+----------------------------+-------------+


+-------------------------------------------------------------------------------------------------------------------------------------------------------------------------------------------------------------------------------------------------------------------------------------------------------------------------------------------------------------------------------+
; Analysis & Elaboration IP Cores Summary                                                                                                                                                                                                                                                                                                                                       ;
+--------+--------------+---------+--------------+--------------+----------------------------------------------------------------------------------------------------------------------------------------------------------------------------------------------------------------------------------------------------------------------------------------+----------------------+
; Vendor ; IP Core Name ; Version ; Release Date ; License Type ; Entity Instance                                                                                                                                                                                                                                                                        ; IP Include File      ;
+--------+--------------+---------+--------------+--------------+----------------------------------------------------------------------------------------------------------------------------------------------------------------------------------------------------------------------------------------------------------------------------------------+----------------------+
; Altera ; Signal Tap   ; N/A     ; N/A          ; Licensed     ; |BeMicro_MAX10_top|sld_hub:auto_hub|alt_sld_fab_with_jtag_input:\instrumentation_fabric_with_node_gen:fabric_gen_new_way:with_jtag_input_gen:instrumentation_fabric|alt_sld_fab:instrumentation_fabric                                                                                 ;                      ;
; Altera ; Signal Tap   ; N/A     ; N/A          ; Licensed     ; |BeMicro_MAX10_top|sld_hub:auto_hub|alt_sld_fab_with_jtag_input:\instrumentation_fabric_with_node_gen:fabric_gen_new_way:with_jtag_input_gen:instrumentation_fabric|alt_sld_fab:instrumentation_fabric|alt_sld_fab_alt_sld_fab:alt_sld_fab                                             ;                      ;
; Altera ; Signal Tap   ; N/A     ; N/A          ; Licensed     ; |BeMicro_MAX10_top|sld_hub:auto_hub|alt_sld_fab_with_jtag_input:\instrumentation_fabric_with_node_gen:fabric_gen_new_way:with_jtag_input_gen:instrumentation_fabric|alt_sld_fab:instrumentation_fabric|alt_sld_fab_alt_sld_fab:alt_sld_fab|alt_sld_fab_alt_sld_fab_presplit:presplit   ;                      ;
; Altera ; Signal Tap   ; N/A     ; N/A          ; Licensed     ; |BeMicro_MAX10_top|sld_hub:auto_hub|alt_sld_fab_with_jtag_input:\instrumentation_fabric_with_node_gen:fabric_gen_new_way:with_jtag_input_gen:instrumentation_fabric|alt_sld_fab:instrumentation_fabric|alt_sld_fab_alt_sld_fab:alt_sld_fab|alt_sld_fab_alt_sld_fab_sldfabric:sldfabric ;                      ;
; Altera ; Signal Tap   ; N/A     ; N/A          ; Licensed     ; |BeMicro_MAX10_top|sld_hub:auto_hub|alt_sld_fab_with_jtag_input:\instrumentation_fabric_with_node_gen:fabric_gen_new_way:with_jtag_input_gen:instrumentation_fabric|alt_sld_fab:instrumentation_fabric|alt_sld_fab_alt_sld_fab:alt_sld_fab|alt_sld_fab_alt_sld_fab_splitter:splitter   ;                      ;
; Altera ; ROM: 1-PORT  ; 21.1    ; N/A          ; N/A          ; |BeMicro_MAX10_top|rom_0:finch                                                                                                                                                                                                                                                         ; ../altera_ip/rom_0.v ;
; Altera ; ALTPLL       ; 21.1    ; N/A          ; N/A          ; |BeMicro_MAX10_top|pll_0:pll0                                                                                                                                                                                                                                                          ; ../altera_ip/pll_0.v ;
+--------+--------------+---------+--------------+--------------+----------------------------------------------------------------------------------------------------------------------------------------------------------------------------------------------------------------------------------------------------------------------------------------+----------------------+


+-------------------------------------------------------------------------------------------------------------------------------+
; Source assignments for rom_0:finch|altsyncram:altsyncram_component|altsyncram_h0d1:auto_generated|altsyncram_lje2:altsyncram1 ;
+---------------------------------+--------------------+------+-----------------------------------------------------------------+
; Assignment                      ; Value              ; From ; To                                                              ;
+---------------------------------+--------------------+------+-----------------------------------------------------------------+
; OPTIMIZE_POWER_DURING_SYNTHESIS ; NORMAL_COMPILATION ; -    ; -                                                               ;
+---------------------------------+--------------------+------+-----------------------------------------------------------------+


+-----------------------------------------------------------------------------------+
; Parameter Settings for User Entity Instance: Top-level Entity: |BeMicro_MAX10_top ;
+----------------+----------------------------------+-------------------------------+
; Parameter Name ; Value                            ; Type                          ;
+----------------+----------------------------------+-------------------------------+
; SYS_CLK_FREQ   ; 00000010111110101111000010000000 ; Unsigned Binary               ;
+----------------+----------------------------------+-------------------------------+
Note: In order to hide this table in the UI and the text report file, please set the "Show Parameter Settings in Synthesis Report" option in "Analysis and Synthesis Settings -> More Settings" to "Off".


+---------------------------------------------------------------------------------+
; Parameter Settings for User Entity Instance: pll_0:pll0|altpll:altpll_component ;
+-------------------------------+-------------------------+-----------------------+
; Parameter Name                ; Value                   ; Type                  ;
+-------------------------------+-------------------------+-----------------------+
; OPERATION_MODE                ; NORMAL                  ; Untyped               ;
; PLL_TYPE                      ; AUTO                    ; Untyped               ;
; LPM_HINT                      ; CBX_MODULE_PREFIX=pll_0 ; Untyped               ;
; QUALIFY_CONF_DONE             ; OFF                     ; Untyped               ;
; COMPENSATE_CLOCK              ; CLK0                    ; Untyped               ;
; SCAN_CHAIN                    ; LONG                    ; Untyped               ;
; PRIMARY_CLOCK                 ; INCLK0                  ; Untyped               ;
; INCLK0_INPUT_FREQUENCY        ; 20000                   ; Signed Integer        ;
; INCLK1_INPUT_FREQUENCY        ; 0                       ; Untyped               ;
; GATE_LOCK_SIGNAL              ; NO                      ; Untyped               ;
; GATE_LOCK_COUNTER             ; 0                       ; Untyped               ;
; LOCK_HIGH                     ; 1                       ; Untyped               ;
; LOCK_LOW                      ; 1                       ; Untyped               ;
; VALID_LOCK_MULTIPLIER         ; 1                       ; Untyped               ;
; INVALID_LOCK_MULTIPLIER       ; 5                       ; Untyped               ;
; SWITCH_OVER_ON_LOSSCLK        ; OFF                     ; Untyped               ;
; SWITCH_OVER_ON_GATED_LOCK     ; OFF                     ; Untyped               ;
; ENABLE_SWITCH_OVER_COUNTER    ; OFF                     ; Untyped               ;
; SKIP_VCO                      ; OFF                     ; Untyped               ;
; SWITCH_OVER_COUNTER           ; 0                       ; Untyped               ;
; SWITCH_OVER_TYPE              ; AUTO                    ; Untyped               ;
; FEEDBACK_SOURCE               ; EXTCLK0                 ; Untyped               ;
; BANDWIDTH                     ; 0                       ; Untyped               ;
; BANDWIDTH_TYPE                ; AUTO                    ; Untyped               ;
; SPREAD_FREQUENCY              ; 0                       ; Untyped               ;
; DOWN_SPREAD                   ; 0                       ; Untyped               ;
; SELF_RESET_ON_GATED_LOSS_LOCK ; OFF                     ; Untyped               ;
; SELF_RESET_ON_LOSS_LOCK       ; ON                      ; Untyped               ;
; CLK9_MULTIPLY_BY              ; 0                       ; Untyped               ;
; CLK8_MULTIPLY_BY              ; 0                       ; Untyped               ;
; CLK7_MULTIPLY_BY              ; 0                       ; Untyped               ;
; CLK6_MULTIPLY_BY              ; 0                       ; Untyped               ;
; CLK5_MULTIPLY_BY              ; 1                       ; Untyped               ;
; CLK4_MULTIPLY_BY              ; 1                       ; Untyped               ;
; CLK3_MULTIPLY_BY              ; 1                       ; Untyped               ;
; CLK2_MULTIPLY_BY              ; 1                       ; Untyped               ;
; CLK1_MULTIPLY_BY              ; 4                       ; Signed Integer        ;
; CLK0_MULTIPLY_BY              ; 1                       ; Signed Integer        ;
; CLK9_DIVIDE_BY                ; 0                       ; Untyped               ;
; CLK8_DIVIDE_BY                ; 0                       ; Untyped               ;
; CLK7_DIVIDE_BY                ; 0                       ; Untyped               ;
; CLK6_DIVIDE_BY                ; 0                       ; Untyped               ;
; CLK5_DIVIDE_BY                ; 1                       ; Untyped               ;
; CLK4_DIVIDE_BY                ; 1                       ; Untyped               ;
; CLK3_DIVIDE_BY                ; 1                       ; Untyped               ;
; CLK2_DIVIDE_BY                ; 1                       ; Untyped               ;
; CLK1_DIVIDE_BY                ; 5                       ; Signed Integer        ;
; CLK0_DIVIDE_BY                ; 5                       ; Signed Integer        ;
; CLK9_PHASE_SHIFT              ; 0                       ; Untyped               ;
; CLK8_PHASE_SHIFT              ; 0                       ; Untyped               ;
; CLK7_PHASE_SHIFT              ; 0                       ; Untyped               ;
; CLK6_PHASE_SHIFT              ; 0                       ; Untyped               ;
; CLK5_PHASE_SHIFT              ; 0                       ; Untyped               ;
; CLK4_PHASE_SHIFT              ; 0                       ; Untyped               ;
; CLK3_PHASE_SHIFT              ; 0                       ; Untyped               ;
; CLK2_PHASE_SHIFT              ; 0                       ; Untyped               ;
; CLK1_PHASE_SHIFT              ; 0                       ; Untyped               ;
; CLK0_PHASE_SHIFT              ; 0                       ; Untyped               ;
; CLK5_TIME_DELAY               ; 0                       ; Untyped               ;
; CLK4_TIME_DELAY               ; 0                       ; Untyped               ;
; CLK3_TIME_DELAY               ; 0                       ; Untyped               ;
; CLK2_TIME_DELAY               ; 0                       ; Untyped               ;
; CLK1_TIME_DELAY               ; 0                       ; Untyped               ;
; CLK0_TIME_DELAY               ; 0                       ; Untyped               ;
; CLK9_DUTY_CYCLE               ; 50                      ; Untyped               ;
; CLK8_DUTY_CYCLE               ; 50                      ; Untyped               ;
; CLK7_DUTY_CYCLE               ; 50                      ; Untyped               ;
; CLK6_DUTY_CYCLE               ; 50                      ; Untyped               ;
; CLK5_DUTY_CYCLE               ; 50                      ; Untyped               ;
; CLK4_DUTY_CYCLE               ; 50                      ; Untyped               ;
; CLK3_DUTY_CYCLE               ; 50                      ; Untyped               ;
; CLK2_DUTY_CYCLE               ; 50                      ; Untyped               ;
; CLK1_DUTY_CYCLE               ; 50                      ; Signed Integer        ;
; CLK0_DUTY_CYCLE               ; 50                      ; Signed Integer        ;
; CLK9_USE_EVEN_COUNTER_MODE    ; OFF                     ; Untyped               ;
; CLK8_USE_EVEN_COUNTER_MODE    ; OFF                     ; Untyped               ;
; CLK7_USE_EVEN_COUNTER_MODE    ; OFF                     ; Untyped               ;
; CLK6_USE_EVEN_COUNTER_MODE    ; OFF                     ; Untyped               ;
; CLK5_USE_EVEN_COUNTER_MODE    ; OFF                     ; Untyped               ;
; CLK4_USE_EVEN_COUNTER_MODE    ; OFF                     ; Untyped               ;
; CLK3_USE_EVEN_COUNTER_MODE    ; OFF                     ; Untyped               ;
; CLK2_USE_EVEN_COUNTER_MODE    ; OFF                     ; Untyped               ;
; CLK1_USE_EVEN_COUNTER_MODE    ; OFF                     ; Untyped               ;
; CLK0_USE_EVEN_COUNTER_MODE    ; OFF                     ; Untyped               ;
; CLK9_USE_EVEN_COUNTER_VALUE   ; OFF                     ; Untyped               ;
; CLK8_USE_EVEN_COUNTER_VALUE   ; OFF                     ; Untyped               ;
; CLK7_USE_EVEN_COUNTER_VALUE   ; OFF                     ; Untyped               ;
; CLK6_USE_EVEN_COUNTER_VALUE   ; OFF                     ; Untyped               ;
; CLK5_USE_EVEN_COUNTER_VALUE   ; OFF                     ; Untyped               ;
; CLK4_USE_EVEN_COUNTER_VALUE   ; OFF                     ; Untyped               ;
; CLK3_USE_EVEN_COUNTER_VALUE   ; OFF                     ; Untyped               ;
; CLK2_USE_EVEN_COUNTER_VALUE   ; OFF                     ; Untyped               ;
; CLK1_USE_EVEN_COUNTER_VALUE   ; OFF                     ; Untyped               ;
; CLK0_USE_EVEN_COUNTER_VALUE   ; OFF                     ; Untyped               ;
; LOCK_WINDOW_UI                ;  0.05                   ; Untyped               ;
; LOCK_WINDOW_UI_BITS           ; UNUSED                  ; Untyped               ;
; VCO_RANGE_DETECTOR_LOW_BITS   ; UNUSED                  ; Untyped               ;
; VCO_RANGE_DETECTOR_HIGH_BITS  ; UNUSED                  ; Untyped               ;
; DPA_MULTIPLY_BY               ; 0                       ; Untyped               ;
; DPA_DIVIDE_BY                 ; 1                       ; Untyped               ;
; DPA_DIVIDER                   ; 0                       ; Untyped               ;
; EXTCLK3_MULTIPLY_BY           ; 1                       ; Untyped               ;
; EXTCLK2_MULTIPLY_BY           ; 1                       ; Untyped               ;
; EXTCLK1_MULTIPLY_BY           ; 1                       ; Untyped               ;
; EXTCLK0_MULTIPLY_BY           ; 1                       ; Untyped               ;
; EXTCLK3_DIVIDE_BY             ; 1                       ; Untyped               ;
; EXTCLK2_DIVIDE_BY             ; 1                       ; Untyped               ;
; EXTCLK1_DIVIDE_BY             ; 1                       ; Untyped               ;
; EXTCLK0_DIVIDE_BY             ; 1                       ; Untyped               ;
; EXTCLK3_PHASE_SHIFT           ; 0                       ; Untyped               ;
; EXTCLK2_PHASE_SHIFT           ; 0                       ; Untyped               ;
; EXTCLK1_PHASE_SHIFT           ; 0                       ; Untyped               ;
; EXTCLK0_PHASE_SHIFT           ; 0                       ; Untyped               ;
; EXTCLK3_TIME_DELAY            ; 0                       ; Untyped               ;
; EXTCLK2_TIME_DELAY            ; 0                       ; Untyped               ;
; EXTCLK1_TIME_DELAY            ; 0                       ; Untyped               ;
; EXTCLK0_TIME_DELAY            ; 0                       ; Untyped               ;
; EXTCLK3_DUTY_CYCLE            ; 50                      ; Untyped               ;
; EXTCLK2_DUTY_CYCLE            ; 50                      ; Untyped               ;
; EXTCLK1_DUTY_CYCLE            ; 50                      ; Untyped               ;
; EXTCLK0_DUTY_CYCLE            ; 50                      ; Untyped               ;
; VCO_MULTIPLY_BY               ; 0                       ; Untyped               ;
; VCO_DIVIDE_BY                 ; 0                       ; Untyped               ;
; SCLKOUT0_PHASE_SHIFT          ; 0                       ; Untyped               ;
; SCLKOUT1_PHASE_SHIFT          ; 0                       ; Untyped               ;
; VCO_MIN                       ; 0                       ; Untyped               ;
; VCO_MAX                       ; 0                       ; Untyped               ;
; VCO_CENTER                    ; 0                       ; Untyped               ;
; PFD_MIN                       ; 0                       ; Untyped               ;
; PFD_MAX                       ; 0                       ; Untyped               ;
; M_INITIAL                     ; 0                       ; Untyped               ;
; M                             ; 0                       ; Untyped               ;
; N                             ; 1                       ; Untyped               ;
; M2                            ; 1                       ; Untyped               ;
; N2                            ; 1                       ; Untyped               ;
; SS                            ; 1                       ; Untyped               ;
; C0_HIGH                       ; 0                       ; Untyped               ;
; C1_HIGH                       ; 0                       ; Untyped               ;
; C2_HIGH                       ; 0                       ; Untyped               ;
; C3_HIGH                       ; 0                       ; Untyped               ;
; C4_HIGH                       ; 0                       ; Untyped               ;
; C5_HIGH                       ; 0                       ; Untyped               ;
; C6_HIGH                       ; 0                       ; Untyped               ;
; C7_HIGH                       ; 0                       ; Untyped               ;
; C8_HIGH                       ; 0                       ; Untyped               ;
; C9_HIGH                       ; 0                       ; Untyped               ;
; C0_LOW                        ; 0                       ; Untyped               ;
; C1_LOW                        ; 0                       ; Untyped               ;
; C2_LOW                        ; 0                       ; Untyped               ;
; C3_LOW                        ; 0                       ; Untyped               ;
; C4_LOW                        ; 0                       ; Untyped               ;
; C5_LOW                        ; 0                       ; Untyped               ;
; C6_LOW                        ; 0                       ; Untyped               ;
; C7_LOW                        ; 0                       ; Untyped               ;
; C8_LOW                        ; 0                       ; Untyped               ;
; C9_LOW                        ; 0                       ; Untyped               ;
; C0_INITIAL                    ; 0                       ; Untyped               ;
; C1_INITIAL                    ; 0                       ; Untyped               ;
; C2_INITIAL                    ; 0                       ; Untyped               ;
; C3_INITIAL                    ; 0                       ; Untyped               ;
; C4_INITIAL                    ; 0                       ; Untyped               ;
; C5_INITIAL                    ; 0                       ; Untyped               ;
; C6_INITIAL                    ; 0                       ; Untyped               ;
; C7_INITIAL                    ; 0                       ; Untyped               ;
; C8_INITIAL                    ; 0                       ; Untyped               ;
; C9_INITIAL                    ; 0                       ; Untyped               ;
; C0_MODE                       ; BYPASS                  ; Untyped               ;
; C1_MODE                       ; BYPASS                  ; Untyped               ;
; C2_MODE                       ; BYPASS                  ; Untyped               ;
; C3_MODE                       ; BYPASS                  ; Untyped               ;
; C4_MODE                       ; BYPASS                  ; Untyped               ;
; C5_MODE                       ; BYPASS                  ; Untyped               ;
; C6_MODE                       ; BYPASS                  ; Untyped               ;
; C7_MODE                       ; BYPASS                  ; Untyped               ;
; C8_MODE                       ; BYPASS                  ; Untyped               ;
; C9_MODE                       ; BYPASS                  ; Untyped               ;
; C0_PH                         ; 0                       ; Untyped               ;
; C1_PH                         ; 0                       ; Untyped               ;
; C2_PH                         ; 0                       ; Untyped               ;
; C3_PH                         ; 0                       ; Untyped               ;
; C4_PH                         ; 0                       ; Untyped               ;
; C5_PH                         ; 0                       ; Untyped               ;
; C6_PH                         ; 0                       ; Untyped               ;
; C7_PH                         ; 0                       ; Untyped               ;
; C8_PH                         ; 0                       ; Untyped               ;
; C9_PH                         ; 0                       ; Untyped               ;
; L0_HIGH                       ; 1                       ; Untyped               ;
; L1_HIGH                       ; 1                       ; Untyped               ;
; G0_HIGH                       ; 1                       ; Untyped               ;
; G1_HIGH                       ; 1                       ; Untyped               ;
; G2_HIGH                       ; 1                       ; Untyped               ;
; G3_HIGH                       ; 1                       ; Untyped               ;
; E0_HIGH                       ; 1                       ; Untyped               ;
; E1_HIGH                       ; 1                       ; Untyped               ;
; E2_HIGH                       ; 1                       ; Untyped               ;
; E3_HIGH                       ; 1                       ; Untyped               ;
; L0_LOW                        ; 1                       ; Untyped               ;
; L1_LOW                        ; 1                       ; Untyped               ;
; G0_LOW                        ; 1                       ; Untyped               ;
; G1_LOW                        ; 1                       ; Untyped               ;
; G2_LOW                        ; 1                       ; Untyped               ;
; G3_LOW                        ; 1                       ; Untyped               ;
; E0_LOW                        ; 1                       ; Untyped               ;
; E1_LOW                        ; 1                       ; Untyped               ;
; E2_LOW                        ; 1                       ; Untyped               ;
; E3_LOW                        ; 1                       ; Untyped               ;
; L0_INITIAL                    ; 1                       ; Untyped               ;
; L1_INITIAL                    ; 1                       ; Untyped               ;
; G0_INITIAL                    ; 1                       ; Untyped               ;
; G1_INITIAL                    ; 1                       ; Untyped               ;
; G2_INITIAL                    ; 1                       ; Untyped               ;
; G3_INITIAL                    ; 1                       ; Untyped               ;
; E0_INITIAL                    ; 1                       ; Untyped               ;
; E1_INITIAL                    ; 1                       ; Untyped               ;
; E2_INITIAL                    ; 1                       ; Untyped               ;
; E3_INITIAL                    ; 1                       ; Untyped               ;
; L0_MODE                       ; BYPASS                  ; Untyped               ;
; L1_MODE                       ; BYPASS                  ; Untyped               ;
; G0_MODE                       ; BYPASS                  ; Untyped               ;
; G1_MODE                       ; BYPASS                  ; Untyped               ;
; G2_MODE                       ; BYPASS                  ; Untyped               ;
; G3_MODE                       ; BYPASS                  ; Untyped               ;
; E0_MODE                       ; BYPASS                  ; Untyped               ;
; E1_MODE                       ; BYPASS                  ; Untyped               ;
; E2_MODE                       ; BYPASS                  ; Untyped               ;
; E3_MODE                       ; BYPASS                  ; Untyped               ;
; L0_PH                         ; 0                       ; Untyped               ;
; L1_PH                         ; 0                       ; Untyped               ;
; G0_PH                         ; 0                       ; Untyped               ;
; G1_PH                         ; 0                       ; Untyped               ;
; G2_PH                         ; 0                       ; Untyped               ;
; G3_PH                         ; 0                       ; Untyped               ;
; E0_PH                         ; 0                       ; Untyped               ;
; E1_PH                         ; 0                       ; Untyped               ;
; E2_PH                         ; 0                       ; Untyped               ;
; E3_PH                         ; 0                       ; Untyped               ;
; M_PH                          ; 0                       ; Untyped               ;
; C1_USE_CASC_IN                ; OFF                     ; Untyped               ;
; C2_USE_CASC_IN                ; OFF                     ; Untyped               ;
; C3_USE_CASC_IN                ; OFF                     ; Untyped               ;
; C4_USE_CASC_IN                ; OFF                     ; Untyped               ;
; C5_USE_CASC_IN                ; OFF                     ; Untyped               ;
; C6_USE_CASC_IN                ; OFF                     ; Untyped               ;
; C7_USE_CASC_IN                ; OFF                     ; Untyped               ;
; C8_USE_CASC_IN                ; OFF                     ; Untyped               ;
; C9_USE_CASC_IN                ; OFF                     ; Untyped               ;
; CLK0_COUNTER                  ; G0                      ; Untyped               ;
; CLK1_COUNTER                  ; G0                      ; Untyped               ;
; CLK2_COUNTER                  ; G0                      ; Untyped               ;
; CLK3_COUNTER                  ; G0                      ; Untyped               ;
; CLK4_COUNTER                  ; G0                      ; Untyped               ;
; CLK5_COUNTER                  ; G0                      ; Untyped               ;
; CLK6_COUNTER                  ; E0                      ; Untyped               ;
; CLK7_COUNTER                  ; E1                      ; Untyped               ;
; CLK8_COUNTER                  ; E2                      ; Untyped               ;
; CLK9_COUNTER                  ; E3                      ; Untyped               ;
; L0_TIME_DELAY                 ; 0                       ; Untyped               ;
; L1_TIME_DELAY                 ; 0                       ; Untyped               ;
; G0_TIME_DELAY                 ; 0                       ; Untyped               ;
; G1_TIME_DELAY                 ; 0                       ; Untyped               ;
; G2_TIME_DELAY                 ; 0                       ; Untyped               ;
; G3_TIME_DELAY                 ; 0                       ; Untyped               ;
; E0_TIME_DELAY                 ; 0                       ; Untyped               ;
; E1_TIME_DELAY                 ; 0                       ; Untyped               ;
; E2_TIME_DELAY                 ; 0                       ; Untyped               ;
; E3_TIME_DELAY                 ; 0                       ; Untyped               ;
; M_TIME_DELAY                  ; 0                       ; Untyped               ;
; N_TIME_DELAY                  ; 0                       ; Untyped               ;
; EXTCLK3_COUNTER               ; E3                      ; Untyped               ;
; EXTCLK2_COUNTER               ; E2                      ; Untyped               ;
; EXTCLK1_COUNTER               ; E1                      ; Untyped               ;
; EXTCLK0_COUNTER               ; E0                      ; Untyped               ;
; ENABLE0_COUNTER               ; L0                      ; Untyped               ;
; ENABLE1_COUNTER               ; L0                      ; Untyped               ;
; CHARGE_PUMP_CURRENT           ; 2                       ; Untyped               ;
; LOOP_FILTER_R                 ;  1.000000               ; Untyped               ;
; LOOP_FILTER_C                 ; 5                       ; Untyped               ;
; CHARGE_PUMP_CURRENT_BITS      ; 9999                    ; Untyped               ;
; LOOP_FILTER_R_BITS            ; 9999                    ; Untyped               ;
; LOOP_FILTER_C_BITS            ; 9999                    ; Untyped               ;
; VCO_POST_SCALE                ; 0                       ; Untyped               ;
; CLK2_OUTPUT_FREQUENCY         ; 0                       ; Untyped               ;
; CLK1_OUTPUT_FREQUENCY         ; 0                       ; Untyped               ;
; CLK0_OUTPUT_FREQUENCY         ; 0                       ; Untyped               ;
; INTENDED_DEVICE_FAMILY        ; MAX 10                  ; Untyped               ;
; PORT_CLKENA0                  ; PORT_UNUSED             ; Untyped               ;
; PORT_CLKENA1                  ; PORT_UNUSED             ; Untyped               ;
; PORT_CLKENA2                  ; PORT_UNUSED             ; Untyped               ;
; PORT_CLKENA3                  ; PORT_UNUSED             ; Untyped               ;
; PORT_CLKENA4                  ; PORT_UNUSED             ; Untyped               ;
; PORT_CLKENA5                  ; PORT_UNUSED             ; Untyped               ;
; PORT_EXTCLKENA0               ; PORT_CONNECTIVITY       ; Untyped               ;
; PORT_EXTCLKENA1               ; PORT_CONNECTIVITY       ; Untyped               ;
; PORT_EXTCLKENA2               ; PORT_CONNECTIVITY       ; Untyped               ;
; PORT_EXTCLKENA3               ; PORT_CONNECTIVITY       ; Untyped               ;
; PORT_EXTCLK0                  ; PORT_UNUSED             ; Untyped               ;
; PORT_EXTCLK1                  ; PORT_UNUSED             ; Untyped               ;
; PORT_EXTCLK2                  ; PORT_UNUSED             ; Untyped               ;
; PORT_EXTCLK3                  ; PORT_UNUSED             ; Untyped               ;
; PORT_CLKBAD0                  ; PORT_UNUSED             ; Untyped               ;
; PORT_CLKBAD1                  ; PORT_UNUSED             ; Untyped               ;
; PORT_CLK0                     ; PORT_USED               ; Untyped               ;
; PORT_CLK1                     ; PORT_USED               ; Untyped               ;
; PORT_CLK2                     ; PORT_UNUSED             ; Untyped               ;
; PORT_CLK3                     ; PORT_UNUSED             ; Untyped               ;
; PORT_CLK4                     ; PORT_UNUSED             ; Untyped               ;
; PORT_CLK5                     ; PORT_UNUSED             ; Untyped               ;
; PORT_CLK6                     ; PORT_UNUSED             ; Untyped               ;
; PORT_CLK7                     ; PORT_UNUSED             ; Untyped               ;
; PORT_CLK8                     ; PORT_UNUSED             ; Untyped               ;
; PORT_CLK9                     ; PORT_UNUSED             ; Untyped               ;
; PORT_SCANDATA                 ; PORT_UNUSED             ; Untyped               ;
; PORT_SCANDATAOUT              ; PORT_UNUSED             ; Untyped               ;
; PORT_SCANDONE                 ; PORT_UNUSED             ; Untyped               ;
; PORT_SCLKOUT1                 ; PORT_CONNECTIVITY       ; Untyped               ;
; PORT_SCLKOUT0                 ; PORT_CONNECTIVITY       ; Untyped               ;
; PORT_ACTIVECLOCK              ; PORT_UNUSED             ; Untyped               ;
; PORT_CLKLOSS                  ; PORT_UNUSED             ; Untyped               ;
; PORT_INCLK1                   ; PORT_UNUSED             ; Untyped               ;
; PORT_INCLK0                   ; PORT_USED               ; Untyped               ;
; PORT_FBIN                     ; PORT_UNUSED             ; Untyped               ;
; PORT_PLLENA                   ; PORT_UNUSED             ; Untyped               ;
; PORT_CLKSWITCH                ; PORT_UNUSED             ; Untyped               ;
; PORT_ARESET                   ; PORT_UNUSED             ; Untyped               ;
; PORT_PFDENA                   ; PORT_UNUSED             ; Untyped               ;
; PORT_SCANCLK                  ; PORT_UNUSED             ; Untyped               ;
; PORT_SCANACLR                 ; PORT_UNUSED             ; Untyped               ;
; PORT_SCANREAD                 ; PORT_UNUSED             ; Untyped               ;
; PORT_SCANWRITE                ; PORT_UNUSED             ; Untyped               ;
; PORT_ENABLE0                  ; PORT_CONNECTIVITY       ; Untyped               ;
; PORT_ENABLE1                  ; PORT_CONNECTIVITY       ; Untyped               ;
; PORT_LOCKED                   ; PORT_USED               ; Untyped               ;
; PORT_CONFIGUPDATE             ; PORT_UNUSED             ; Untyped               ;
; PORT_FBOUT                    ; PORT_CONNECTIVITY       ; Untyped               ;
; PORT_PHASEDONE                ; PORT_UNUSED             ; Untyped               ;
; PORT_PHASESTEP                ; PORT_UNUSED             ; Untyped               ;
; PORT_PHASEUPDOWN              ; PORT_UNUSED             ; Untyped               ;
; PORT_SCANCLKENA               ; PORT_UNUSED             ; Untyped               ;
; PORT_PHASECOUNTERSELECT       ; PORT_UNUSED             ; Untyped               ;
; PORT_VCOOVERRANGE             ; PORT_CONNECTIVITY       ; Untyped               ;
; PORT_VCOUNDERRANGE            ; PORT_CONNECTIVITY       ; Untyped               ;
; M_TEST_SOURCE                 ; 5                       ; Untyped               ;
; C0_TEST_SOURCE                ; 5                       ; Untyped               ;
; C1_TEST_SOURCE                ; 5                       ; Untyped               ;
; C2_TEST_SOURCE                ; 5                       ; Untyped               ;
; C3_TEST_SOURCE                ; 5                       ; Untyped               ;
; C4_TEST_SOURCE                ; 5                       ; Untyped               ;
; C5_TEST_SOURCE                ; 5                       ; Untyped               ;
; C6_TEST_SOURCE                ; 5                       ; Untyped               ;
; C7_TEST_SOURCE                ; 5                       ; Untyped               ;
; C8_TEST_SOURCE                ; 5                       ; Untyped               ;
; C9_TEST_SOURCE                ; 5                       ; Untyped               ;
; CBXI_PARAMETER                ; pll_0_altpll            ; Untyped               ;
; VCO_FREQUENCY_CONTROL         ; AUTO                    ; Untyped               ;
; VCO_PHASE_SHIFT_STEP          ; 0                       ; Untyped               ;
; WIDTH_CLOCK                   ; 5                       ; Signed Integer        ;
; WIDTH_PHASECOUNTERSELECT      ; 4                       ; Untyped               ;
; USING_FBMIMICBIDIR_PORT       ; OFF                     ; Untyped               ;
; DEVICE_FAMILY                 ; MAX 10                  ; Untyped               ;
; SCAN_CHAIN_MIF_FILE           ; UNUSED                  ; Untyped               ;
; SIM_GATE_LOCK_DEVICE_BEHAVIOR ; OFF                     ; Untyped               ;
; AUTO_CARRY_CHAINS             ; ON                      ; AUTO_CARRY            ;
; IGNORE_CARRY_BUFFERS          ; OFF                     ; IGNORE_CARRY          ;
; AUTO_CASCADE_CHAINS           ; ON                      ; AUTO_CASCADE          ;
; IGNORE_CASCADE_BUFFERS        ; OFF                     ; IGNORE_CASCADE        ;
+-------------------------------+-------------------------+-----------------------+
Note: In order to hide this table in the UI and the text report file, please set the "Show Parameter Settings in Synthesis Report" option in "Analysis and Synthesis Settings -> More Settings" to "Off".


+----------------------------------------------------------------------------------+
; Parameter Settings for User Entity Instance: horizontal_generator:vga_horizontal ;
+----------------+----------------------------------+------------------------------+
; Parameter Name ; Value                            ; Type                         ;
+----------------+----------------------------------+------------------------------+
; SYNC_FLOP      ; 00000000000000000000000000000010 ; Unsigned Binary              ;
+----------------+----------------------------------+------------------------------+
Note: In order to hide this table in the UI and the text report file, please set the "Show Parameter Settings in Synthesis Report" option in "Analysis and Synthesis Settings -> More Settings" to "Off".


+------------------------------------------------------------------------------------------+
; Parameter Settings for User Entity Instance: rom_0:finch|altsyncram:altsyncram_component ;
+------------------------------------+----------------------+------------------------------+
; Parameter Name                     ; Value                ; Type                         ;
+------------------------------------+----------------------+------------------------------+
; BYTE_SIZE_BLOCK                    ; 8                    ; Untyped                      ;
; AUTO_CARRY_CHAINS                  ; ON                   ; AUTO_CARRY                   ;
; IGNORE_CARRY_BUFFERS               ; OFF                  ; IGNORE_CARRY                 ;
; AUTO_CASCADE_CHAINS                ; ON                   ; AUTO_CASCADE                 ;
; IGNORE_CASCADE_BUFFERS             ; OFF                  ; IGNORE_CASCADE               ;
; WIDTH_BYTEENA                      ; 1                    ; Untyped                      ;
; OPERATION_MODE                     ; ROM                  ; Untyped                      ;
; WIDTH_A                            ; 8                    ; Signed Integer               ;
; WIDTHAD_A                          ; 14                   ; Signed Integer               ;
; NUMWORDS_A                         ; 16384                ; Signed Integer               ;
; OUTDATA_REG_A                      ; CLOCK0               ; Untyped                      ;
; ADDRESS_ACLR_A                     ; NONE                 ; Untyped                      ;
; OUTDATA_ACLR_A                     ; NONE                 ; Untyped                      ;
; WRCONTROL_ACLR_A                   ; NONE                 ; Untyped                      ;
; INDATA_ACLR_A                      ; NONE                 ; Untyped                      ;
; BYTEENA_ACLR_A                     ; NONE                 ; Untyped                      ;
; WIDTH_B                            ; 1                    ; Untyped                      ;
; WIDTHAD_B                          ; 1                    ; Untyped                      ;
; NUMWORDS_B                         ; 1                    ; Untyped                      ;
; INDATA_REG_B                       ; CLOCK1               ; Untyped                      ;
; WRCONTROL_WRADDRESS_REG_B          ; CLOCK1               ; Untyped                      ;
; RDCONTROL_REG_B                    ; CLOCK1               ; Untyped                      ;
; ADDRESS_REG_B                      ; CLOCK1               ; Untyped                      ;
; OUTDATA_REG_B                      ; UNREGISTERED         ; Untyped                      ;
; BYTEENA_REG_B                      ; CLOCK1               ; Untyped                      ;
; INDATA_ACLR_B                      ; NONE                 ; Untyped                      ;
; WRCONTROL_ACLR_B                   ; NONE                 ; Untyped                      ;
; ADDRESS_ACLR_B                     ; NONE                 ; Untyped                      ;
; OUTDATA_ACLR_B                     ; NONE                 ; Untyped                      ;
; RDCONTROL_ACLR_B                   ; NONE                 ; Untyped                      ;
; BYTEENA_ACLR_B                     ; NONE                 ; Untyped                      ;
; WIDTH_BYTEENA_A                    ; 1                    ; Signed Integer               ;
; WIDTH_BYTEENA_B                    ; 1                    ; Untyped                      ;
; RAM_BLOCK_TYPE                     ; M9K                  ; Untyped                      ;
; BYTE_SIZE                          ; 8                    ; Untyped                      ;
; READ_DURING_WRITE_MODE_MIXED_PORTS ; DONT_CARE            ; Untyped                      ;
; READ_DURING_WRITE_MODE_PORT_A      ; NEW_DATA_NO_NBE_READ ; Untyped                      ;
; READ_DURING_WRITE_MODE_PORT_B      ; NEW_DATA_NO_NBE_READ ; Untyped                      ;
; INIT_FILE                          ; ../../sw/finch.hex   ; Untyped                      ;
; INIT_FILE_LAYOUT                   ; PORT_A               ; Untyped                      ;
; MAXIMUM_DEPTH                      ; 0                    ; Untyped                      ;
; CLOCK_ENABLE_INPUT_A               ; BYPASS               ; Untyped                      ;
; CLOCK_ENABLE_INPUT_B               ; NORMAL               ; Untyped                      ;
; CLOCK_ENABLE_OUTPUT_A              ; BYPASS               ; Untyped                      ;
; CLOCK_ENABLE_OUTPUT_B              ; NORMAL               ; Untyped                      ;
; CLOCK_ENABLE_CORE_A                ; USE_INPUT_CLKEN      ; Untyped                      ;
; CLOCK_ENABLE_CORE_B                ; USE_INPUT_CLKEN      ; Untyped                      ;
; ENABLE_ECC                         ; FALSE                ; Untyped                      ;
; ECC_PIPELINE_STAGE_ENABLED         ; FALSE                ; Untyped                      ;
; WIDTH_ECCSTATUS                    ; 3                    ; Untyped                      ;
; DEVICE_FAMILY                      ; MAX 10               ; Untyped                      ;
; CBXI_PARAMETER                     ; altsyncram_h0d1      ; Untyped                      ;
+------------------------------------+----------------------+------------------------------+
Note: In order to hide this table in the UI and the text report file, please set the "Show Parameter Settings in Synthesis Report" option in "Analysis and Synthesis Settings -> More Settings" to "Off".


+--------------------------------------------------------------------+
; altpll Parameter Settings by Entity Instance                       ;
+-------------------------------+------------------------------------+
; Name                          ; Value                              ;
+-------------------------------+------------------------------------+
; Number of entity instances    ; 1                                  ;
; Entity Instance               ; pll_0:pll0|altpll:altpll_component ;
;     -- OPERATION_MODE         ; NORMAL                             ;
;     -- PLL_TYPE               ; AUTO                               ;
;     -- PRIMARY_CLOCK          ; INCLK0                             ;
;     -- INCLK0_INPUT_FREQUENCY ; 20000                              ;
;     -- INCLK1_INPUT_FREQUENCY ; 0                                  ;
;     -- VCO_MULTIPLY_BY        ; 0                                  ;
;     -- VCO_DIVIDE_BY          ; 0                                  ;
+-------------------------------+------------------------------------+


+-----------------------------------------------------------------------------------------+
; altsyncram Parameter Settings by Entity Instance                                        ;
+-------------------------------------------+---------------------------------------------+
; Name                                      ; Value                                       ;
+-------------------------------------------+---------------------------------------------+
; Number of entity instances                ; 1                                           ;
; Entity Instance                           ; rom_0:finch|altsyncram:altsyncram_component ;
;     -- OPERATION_MODE                     ; ROM                                         ;
;     -- WIDTH_A                            ; 8                                           ;
;     -- NUMWORDS_A                         ; 16384                                       ;
;     -- OUTDATA_REG_A                      ; CLOCK0                                      ;
;     -- WIDTH_B                            ; 1                                           ;
;     -- NUMWORDS_B                         ; 1                                           ;
;     -- ADDRESS_REG_B                      ; CLOCK1                                      ;
;     -- OUTDATA_REG_B                      ; UNREGISTERED                                ;
;     -- RAM_BLOCK_TYPE                     ; M9K                                         ;
;     -- READ_DURING_WRITE_MODE_MIXED_PORTS ; DONT_CARE                                   ;
+-------------------------------------------+---------------------------------------------+


+------------------------------------------------------------------------------------------------------------+
; Analysis & Elaboration Settings                                                                            ;
+------------------------------------------------------------------+--------------------+--------------------+
; Option                                                           ; Setting            ; Default Value      ;
+------------------------------------------------------------------+--------------------+--------------------+
; Device                                                           ; 10M08DAF484C8GES   ;                    ;
; Top-level entity name                                            ; BeMicro_MAX10_top  ; BeMicro_MAX10_top  ;
; Family name                                                      ; MAX 10             ; Cyclone V          ;
; Maximum processors allowed for parallel compilation              ; All                ;                    ;
; Restructure Multiplexers                                         ; Off                ; Auto               ;
; State Machine Processing                                         ; One-Hot            ; Auto               ;
; Type of Retiming Performed During Resynthesis                    ; Full               ;                    ;
; Resynthesis Optimization Effort                                  ; Normal             ;                    ;
; Physical Synthesis Level for Resynthesis                         ; Normal             ;                    ;
; Use Generated Physical Constraints File                          ; On                 ;                    ;
; Use smart compilation                                            ; Off                ; Off                ;
; Enable parallel Assembler and Timing Analyzer during compilation ; On                 ; On                 ;
; Enable compact report table                                      ; Off                ; Off                ;
; Create Debugging Nodes for IP Cores                              ; Off                ; Off                ;
; Preserve fewer node names                                        ; On                 ; On                 ;
; Intel FPGA IP Evaluation Mode                                    ; Enable             ; Enable             ;
; Verilog Version                                                  ; Verilog_2001       ; Verilog_2001       ;
; VHDL Version                                                     ; VHDL_1993          ; VHDL_1993          ;
; Safe State Machine                                               ; Off                ; Off                ;
; Extract Verilog State Machines                                   ; On                 ; On                 ;
; Extract VHDL State Machines                                      ; On                 ; On                 ;
; Ignore Verilog initial constructs                                ; Off                ; Off                ;
; Iteration limit for constant Verilog loops                       ; 5000               ; 5000               ;
; Iteration limit for non-constant Verilog loops                   ; 250                ; 250                ;
; Add Pass-Through Logic to Inferred RAMs                          ; On                 ; On                 ;
; Infer RAMs from Raw Logic                                        ; On                 ; On                 ;
; Parallel Synthesis                                               ; On                 ; On                 ;
; DSP Block Balancing                                              ; Auto               ; Auto               ;
; NOT Gate Push-Back                                               ; On                 ; On                 ;
; Power-Up Don't Care                                              ; On                 ; On                 ;
; Remove Redundant Logic Cells                                     ; Off                ; Off                ;
; Remove Duplicate Registers                                       ; On                 ; On                 ;
; Ignore CARRY Buffers                                             ; Off                ; Off                ;
; Ignore CASCADE Buffers                                           ; Off                ; Off                ;
; Ignore GLOBAL Buffers                                            ; Off                ; Off                ;
; Ignore ROW GLOBAL Buffers                                        ; Off                ; Off                ;
; Ignore LCELL Buffers                                             ; Off                ; Off                ;
; Ignore SOFT Buffers                                              ; On                 ; On                 ;
; Limit AHDL Integers to 32 Bits                                   ; Off                ; Off                ;
; Optimization Technique                                           ; Balanced           ; Balanced           ;
; Carry Chain Length                                               ; 70                 ; 70                 ;
; Auto Carry Chains                                                ; On                 ; On                 ;
; Auto Open-Drain Pins                                             ; On                 ; On                 ;
; Perform WYSIWYG Primitive Resynthesis                            ; Off                ; Off                ;
; Auto ROM Replacement                                             ; On                 ; On                 ;
; Auto RAM Replacement                                             ; On                 ; On                 ;
; Auto DSP Block Replacement                                       ; On                 ; On                 ;
; Auto Shift Register Replacement                                  ; Auto               ; Auto               ;
; Allow Shift Register Merging across Hierarchies                  ; Auto               ; Auto               ;
; Auto Clock Enable Replacement                                    ; On                 ; On                 ;
; Strict RAM Replacement                                           ; Off                ; Off                ;
; Allow Synchronous Control Signals                                ; On                 ; On                 ;
; Force Use of Synchronous Clear Signals                           ; Off                ; Off                ;
; Auto RAM Block Balancing                                         ; On                 ; On                 ;
; Auto RAM to Logic Cell Conversion                                ; Off                ; Off                ;
; Auto Resource Sharing                                            ; Off                ; Off                ;
; Allow Any RAM Size For Recognition                               ; Off                ; Off                ;
; Allow Any ROM Size For Recognition                               ; Off                ; Off                ;
; Allow Any Shift Register Size For Recognition                    ; Off                ; Off                ;
; Use LogicLock Constraints during Resource Balancing              ; On                 ; On                 ;
; Ignore translate_off and synthesis_off directives                ; Off                ; Off                ;
; Timing-Driven Synthesis                                          ; On                 ; On                 ;
; Report Parameter Settings                                        ; On                 ; On                 ;
; Report Source Assignments                                        ; On                 ; On                 ;
; Report Connectivity Checks                                       ; On                 ; On                 ;
; Ignore Maximum Fan-Out Assignments                               ; Off                ; Off                ;
; Synchronization Register Chain Length                            ; 2                  ; 2                  ;
; Power Optimization During Synthesis                              ; Normal compilation ; Normal compilation ;
; HDL message level                                                ; Level2             ; Level2             ;
; Suppress Register Optimization Related Messages                  ; Off                ; Off                ;
; Number of Removed Registers Reported in Synthesis Report         ; 5000               ; 5000               ;
; Number of Swept Nodes Reported in Synthesis Report               ; 5000               ; 5000               ;
; Number of Inverted Registers Reported in Synthesis Report        ; 100                ; 100                ;
; Clock MUX Protection                                             ; On                 ; On                 ;
; Auto Gated Clock Conversion                                      ; Off                ; Off                ;
; Block Design Naming                                              ; Auto               ; Auto               ;
; SDC constraint protection                                        ; Off                ; Off                ;
; Synthesis Effort                                                 ; Auto               ; Auto               ;
; Shift Register Replacement - Allow Asynchronous Clear Signal     ; On                 ; On                 ;
; Pre-Mapping Resynthesis Optimization                             ; Off                ; Off                ;
; Analysis & Synthesis Message Level                               ; Medium             ; Medium             ;
; Disable Register Merging Across Hierarchies                      ; Auto               ; Auto               ;
; Resource Aware Inference For Block RAM                           ; On                 ; On                 ;
+------------------------------------------------------------------+--------------------+--------------------+


+-------------------------------------------------------------------------------------------------------------------------------------------------+
; Port Connectivity Checks: "rom_0:finch"                                                                                                         ;
+------+--------+----------+----------------------------------------------------------------------------------------------------------------------+
; Port ; Type   ; Severity ; Details                                                                                                              ;
+------+--------+----------+----------------------------------------------------------------------------------------------------------------------+
; q    ; Output ; Warning  ; Output or bidir port (8 bits) is wider than the port expression (6 bits) it drives; bit(s) "q[7..6]" have no fanouts ;
+------+--------+----------+----------------------------------------------------------------------------------------------------------------------+


+---------------------------------------------------------------------------------------------------------------------------+
; Port Connectivity Checks: "vertical_generator:vga_vertical"                                                               ;
+-----------------+--------+----------+-------------------------------------------------------------------------------------+
; Port            ; Type   ; Severity ; Details                                                                             ;
+-----------------+--------+----------+-------------------------------------------------------------------------------------+
; y_counter[2..0] ; Output ; Info     ; Connected to dangling logic. Logic that only feeds a dangling port will be removed. ;
+-----------------+--------+----------+-------------------------------------------------------------------------------------+


+------------------------------------------------------------------------------------------------------------------------+
; Port Connectivity Checks: "horizontal_generator:vga_horizontal"                                                        ;
+--------------+--------+----------+-------------------------------------------------------------------------------------+
; Port         ; Type   ; Severity ; Details                                                                             ;
+--------------+--------+----------+-------------------------------------------------------------------------------------+
; x_counter[0] ; Output ; Info     ; Connected to dangling logic. Logic that only feeds a dangling port will be removed. ;
+--------------+--------+----------+-------------------------------------------------------------------------------------+


+----------------------------------------------------------------------------------------------------------------+
; Port Connectivity Checks: "pll_0:pll0"                                                                         ;
+------+--------+----------+-------------------------------------------------------------------------------------+
; Port ; Type   ; Severity ; Details                                                                             ;
+------+--------+----------+-------------------------------------------------------------------------------------+
; c1   ; Output ; Info     ; Connected to dangling logic. Logic that only feeds a dangling port will be removed. ;
+------+--------+----------+-------------------------------------------------------------------------------------+


+----------------------------------------------------------------------------------------------------------------------------------------+
; In-System Memory Content Editor Settings                                                                                               ;
+----------------+-------------+-------+-------+------------+----------------------------------------------------------------------------+
; Instance Index ; Instance ID ; Width ; Depth ; Mode       ; Hierarchy Location                                                         ;
+----------------+-------------+-------+-------+------------+----------------------------------------------------------------------------+
; 0              ; ROM0        ; 8     ; 16384 ; Read/Write ; rom_0:finch|altsyncram:altsyncram_component|altsyncram_h0d1:auto_generated ;
+----------------+-------------+-------+-------+------------+----------------------------------------------------------------------------+


+---------------------------------+
; Analysis & Elaboration Messages ;
+---------------------------------+
Info (16303): Aggressive Performance optimization mode selected -- timing performance will be prioritized at the potential cost of increased logic area and compilation time
Info (20030): Parallel compilation is enabled and will use 2 of the 2 processors detected
Warning (10885): Verilog HDL Attribute warning at vga_timing_generator.sv(18): synthesis attribute "syn_keep" with value "1" has no object and is ignored File: /media/sf_tmp/BeMicro_Max10_VGA/rtl/vga_timing_generator.sv Line: 18
Warning (10885): Verilog HDL Attribute warning at vga_timing_generator.sv(78): synthesis attribute "syn_keep" with value "1" has no object and is ignored File: /media/sf_tmp/BeMicro_Max10_VGA/rtl/vga_timing_generator.sv Line: 78
Info (12021): Found 2 design units, including 2 entities, in source file /media/sf_tmp/BeMicro_Max10_VGA/rtl/vga_timing_generator.sv
    Info (12023): Found entity 1: horizontal_generator File: /media/sf_tmp/BeMicro_Max10_VGA/rtl/vga_timing_generator.sv Line: 4
    Info (12023): Found entity 2: vertical_generator File: /media/sf_tmp/BeMicro_Max10_VGA/rtl/vga_timing_generator.sv Line: 70
Info (12021): Found 1 design units, including 1 entities, in source file BeMicro_MAX10_top.v
    Info (12023): Found entity 1: BeMicro_MAX10_top File: /media/sf_tmp/BeMicro_Max10_VGA/altera/BeMicro_Max10_template/BeMicro_MAX10_top.v Line: 33
Info (12021): Found 1 design units, including 1 entities, in source file /media/sf_tmp/BeMicro_Max10_VGA/altera/altera_ip/rom_0.v
    Info (12023): Found entity 1: rom_0 File: /media/sf_tmp/BeMicro_Max10_VGA/altera/altera_ip/rom_0.v Line: 40
Info (12021): Found 1 design units, including 1 entities, in source file /media/sf_tmp/BeMicro_Max10_VGA/altera/altera_ip/pll_0.v
    Info (12023): Found entity 1: pll_0 File: /media/sf_tmp/BeMicro_Max10_VGA/altera/altera_ip/pll_0.v Line: 40
Warning (10236): Verilog HDL Implicit Net warning at vga_timing_generator.sv(26): created implicit net for "start_hsync" File: /media/sf_tmp/BeMicro_Max10_VGA/rtl/vga_timing_generator.sv Line: 26
Warning (10236): Verilog HDL Implicit Net warning at vga_timing_generator.sv(27): created implicit net for "start_front_porch" File: /media/sf_tmp/BeMicro_Max10_VGA/rtl/vga_timing_generator.sv Line: 27
Warning (10236): Verilog HDL Implicit Net warning at vga_timing_generator.sv(28): created implicit net for "start_back_porch" File: /media/sf_tmp/BeMicro_Max10_VGA/rtl/vga_timing_generator.sv Line: 28
Warning (10236): Verilog HDL Implicit Net warning at vga_timing_generator.sv(29): created implicit net for "start_line_done" File: /media/sf_tmp/BeMicro_Max10_VGA/rtl/vga_timing_generator.sv Line: 29
Warning (10236): Verilog HDL Implicit Net warning at vga_timing_generator.sv(91): created implicit net for "start_vsync" File: /media/sf_tmp/BeMicro_Max10_VGA/rtl/vga_timing_generator.sv Line: 91
Warning (10236): Verilog HDL Implicit Net warning at vga_timing_generator.sv(92): created implicit net for "start_front_porch" File: /media/sf_tmp/BeMicro_Max10_VGA/rtl/vga_timing_generator.sv Line: 92
Warning (10236): Verilog HDL Implicit Net warning at vga_timing_generator.sv(93): created implicit net for "start_back_porch" File: /media/sf_tmp/BeMicro_Max10_VGA/rtl/vga_timing_generator.sv Line: 93
Warning (10236): Verilog HDL Implicit Net warning at vga_timing_generator.sv(94): created implicit net for "start_frame_done" File: /media/sf_tmp/BeMicro_Max10_VGA/rtl/vga_timing_generator.sv Line: 94
Info (12127): Elaborating entity "BeMicro_MAX10_top" for the top level hierarchy
Warning (10036): Verilog HDL or VHDL warning at BeMicro_MAX10_top.v(290): object "reset" assigned a value but never read File: /media/sf_tmp/BeMicro_Max10_VGA/altera/BeMicro_Max10_template/BeMicro_MAX10_top.v Line: 290
Info (12128): Elaborating entity "pll_0" for hierarchy "pll_0:pll0" File: /media/sf_tmp/BeMicro_Max10_VGA/altera/BeMicro_Max10_template/BeMicro_MAX10_top.v Line: 333
Info (12128): Elaborating entity "altpll" for hierarchy "pll_0:pll0|altpll:altpll_component" File: /media/sf_tmp/BeMicro_Max10_VGA/altera/altera_ip/pll_0.v Line: 99
Info (12130): Elaborated megafunction instantiation "pll_0:pll0|altpll:altpll_component" File: /media/sf_tmp/BeMicro_Max10_VGA/altera/altera_ip/pll_0.v Line: 99
Info (12133): Instantiated megafunction "pll_0:pll0|altpll:altpll_component" with the following parameter: File: /media/sf_tmp/BeMicro_Max10_VGA/altera/altera_ip/pll_0.v Line: 99
    Info (12134): Parameter "bandwidth_type" = "AUTO"
    Info (12134): Parameter "clk0_divide_by" = "5"
    Info (12134): Parameter "clk0_duty_cycle" = "50"
    Info (12134): Parameter "clk0_multiply_by" = "1"
    Info (12134): Parameter "clk0_phase_shift" = "0"
    Info (12134): Parameter "clk1_divide_by" = "5"
    Info (12134): Parameter "clk1_duty_cycle" = "50"
    Info (12134): Parameter "clk1_multiply_by" = "4"
    Info (12134): Parameter "clk1_phase_shift" = "0"
    Info (12134): Parameter "compensate_clock" = "CLK0"
    Info (12134): Parameter "inclk0_input_frequency" = "20000"
    Info (12134): Parameter "intended_device_family" = "MAX 10"
    Info (12134): Parameter "lpm_hint" = "CBX_MODULE_PREFIX=pll_0"
    Info (12134): Parameter "lpm_type" = "altpll"
    Info (12134): Parameter "operation_mode" = "NORMAL"
    Info (12134): Parameter "pll_type" = "AUTO"
    Info (12134): Parameter "port_activeclock" = "PORT_UNUSED"
    Info (12134): Parameter "port_areset" = "PORT_UNUSED"
    Info (12134): Parameter "port_clkbad0" = "PORT_UNUSED"
    Info (12134): Parameter "port_clkbad1" = "PORT_UNUSED"
    Info (12134): Parameter "port_clkloss" = "PORT_UNUSED"
    Info (12134): Parameter "port_clkswitch" = "PORT_UNUSED"
    Info (12134): Parameter "port_configupdate" = "PORT_UNUSED"
    Info (12134): Parameter "port_fbin" = "PORT_UNUSED"
    Info (12134): Parameter "port_inclk0" = "PORT_USED"
    Info (12134): Parameter "port_inclk1" = "PORT_UNUSED"
    Info (12134): Parameter "port_locked" = "PORT_USED"
    Info (12134): Parameter "port_pfdena" = "PORT_UNUSED"
    Info (12134): Parameter "port_phasecounterselect" = "PORT_UNUSED"
    Info (12134): Parameter "port_phasedone" = "PORT_UNUSED"
    Info (12134): Parameter "port_phasestep" = "PORT_UNUSED"
    Info (12134): Parameter "port_phaseupdown" = "PORT_UNUSED"
    Info (12134): Parameter "port_pllena" = "PORT_UNUSED"
    Info (12134): Parameter "port_scanaclr" = "PORT_UNUSED"
    Info (12134): Parameter "port_scanclk" = "PORT_UNUSED"
    Info (12134): Parameter "port_scanclkena" = "PORT_UNUSED"
    Info (12134): Parameter "port_scandata" = "PORT_UNUSED"
    Info (12134): Parameter "port_scandataout" = "PORT_UNUSED"
    Info (12134): Parameter "port_scandone" = "PORT_UNUSED"
    Info (12134): Parameter "port_scanread" = "PORT_UNUSED"
    Info (12134): Parameter "port_scanwrite" = "PORT_UNUSED"
    Info (12134): Parameter "port_clk0" = "PORT_USED"
    Info (12134): Parameter "port_clk1" = "PORT_USED"
    Info (12134): Parameter "port_clk2" = "PORT_UNUSED"
    Info (12134): Parameter "port_clk3" = "PORT_UNUSED"
    Info (12134): Parameter "port_clk4" = "PORT_UNUSED"
    Info (12134): Parameter "port_clk5" = "PORT_UNUSED"
    Info (12134): Parameter "port_clkena0" = "PORT_UNUSED"
    Info (12134): Parameter "port_clkena1" = "PORT_UNUSED"
    Info (12134): Parameter "port_clkena2" = "PORT_UNUSED"
    Info (12134): Parameter "port_clkena3" = "PORT_UNUSED"
    Info (12134): Parameter "port_clkena4" = "PORT_UNUSED"
    Info (12134): Parameter "port_clkena5" = "PORT_UNUSED"
    Info (12134): Parameter "port_extclk0" = "PORT_UNUSED"
    Info (12134): Parameter "port_extclk1" = "PORT_UNUSED"
    Info (12134): Parameter "port_extclk2" = "PORT_UNUSED"
    Info (12134): Parameter "port_extclk3" = "PORT_UNUSED"
    Info (12134): Parameter "self_reset_on_loss_lock" = "ON"
    Info (12134): Parameter "width_clock" = "5"
Info (12021): Found 1 design units, including 1 entities, in source file db/pll_0_altpll.v
    Info (12023): Found entity 1: pll_0_altpll File: /media/sf_tmp/BeMicro_Max10_VGA/altera/BeMicro_Max10_template/db/pll_0_altpll.v Line: 30
Info (12128): Elaborating entity "pll_0_altpll" for hierarchy "pll_0:pll0|altpll:altpll_component|pll_0_altpll:auto_generated" File: /opt/intelFPGA_lite/21.1/quartus/libraries/megafunctions/altpll.tdf Line: 898
Info (12128): Elaborating entity "horizontal_generator" for hierarchy "horizontal_generator:vga_horizontal" File: /media/sf_tmp/BeMicro_Max10_VGA/altera/BeMicro_Max10_template/BeMicro_MAX10_top.v Line: 369
Warning (10230): Verilog HDL assignment warning at vga_timing_generator.sv(22): truncated value with size 32 to match size of target (9) File: /media/sf_tmp/BeMicro_Max10_VGA/rtl/vga_timing_generator.sv Line: 22
Warning (10230): Verilog HDL assignment warning at vga_timing_generator.sv(25): truncated value with size 32 to match size of target (8) File: /media/sf_tmp/BeMicro_Max10_VGA/rtl/vga_timing_generator.sv Line: 25
Warning (10240): Verilog HDL Always Construct warning at vga_timing_generator.sv(57): inferring latch(es) for variable "hsync_p", which holds its previous value in one or more paths through the always construct File: /media/sf_tmp/BeMicro_Max10_VGA/rtl/vga_timing_generator.sv Line: 57
Warning (10240): Verilog HDL Always Construct warning at vga_timing_generator.sv(57): inferring latch(es) for variable "hblank_p", which holds its previous value in one or more paths through the always construct File: /media/sf_tmp/BeMicro_Max10_VGA/rtl/vga_timing_generator.sv Line: 57
Info (10041): Inferred latch for "hblank_p" at vga_timing_generator.sv(60) File: /media/sf_tmp/BeMicro_Max10_VGA/rtl/vga_timing_generator.sv Line: 60
Info (10041): Inferred latch for "hsync_p" at vga_timing_generator.sv(58) File: /media/sf_tmp/BeMicro_Max10_VGA/rtl/vga_timing_generator.sv Line: 58
Info (12128): Elaborating entity "vertical_generator" for hierarchy "vertical_generator:vga_vertical" File: /media/sf_tmp/BeMicro_Max10_VGA/altera/BeMicro_Max10_template/BeMicro_MAX10_top.v Line: 378
Warning (10230): Verilog HDL assignment warning at vga_timing_generator.sv(82): truncated value with size 32 to match size of target (10) File: /media/sf_tmp/BeMicro_Max10_VGA/rtl/vga_timing_generator.sv Line: 82
Warning (10230): Verilog HDL assignment warning at vga_timing_generator.sv(90): truncated value with size 32 to match size of target (10) File: /media/sf_tmp/BeMicro_Max10_VGA/rtl/vga_timing_generator.sv Line: 90
Warning (10240): Verilog HDL Always Construct warning at vga_timing_generator.sv(102): inferring latch(es) for variable "vsync_p", which holds its previous value in one or more paths through the always construct File: /media/sf_tmp/BeMicro_Max10_VGA/rtl/vga_timing_generator.sv Line: 102
Warning (10240): Verilog HDL Always Construct warning at vga_timing_generator.sv(102): inferring latch(es) for variable "vblank_p", which holds its previous value in one or more paths through the always construct File: /media/sf_tmp/BeMicro_Max10_VGA/rtl/vga_timing_generator.sv Line: 102
Info (10041): Inferred latch for "vblank_p" at vga_timing_generator.sv(105) File: /media/sf_tmp/BeMicro_Max10_VGA/rtl/vga_timing_generator.sv Line: 105
Info (10041): Inferred latch for "vsync_p" at vga_timing_generator.sv(103) File: /media/sf_tmp/BeMicro_Max10_VGA/rtl/vga_timing_generator.sv Line: 103
Info (12128): Elaborating entity "rom_0" for hierarchy "rom_0:finch" File: /media/sf_tmp/BeMicro_Max10_VGA/altera/BeMicro_Max10_template/BeMicro_MAX10_top.v Line: 389
Info (12128): Elaborating entity "altsyncram" for hierarchy "rom_0:finch|altsyncram:altsyncram_component" File: /media/sf_tmp/BeMicro_Max10_VGA/altera/altera_ip/rom_0.v Line: 82
Info (12130): Elaborated megafunction instantiation "rom_0:finch|altsyncram:altsyncram_component" File: /media/sf_tmp/BeMicro_Max10_VGA/altera/altera_ip/rom_0.v Line: 82
Info (12133): Instantiated megafunction "rom_0:finch|altsyncram:altsyncram_component" with the following parameter: File: /media/sf_tmp/BeMicro_Max10_VGA/altera/altera_ip/rom_0.v Line: 82
    Info (12134): Parameter "address_aclr_a" = "NONE"
    Info (12134): Parameter "clock_enable_input_a" = "BYPASS"
    Info (12134): Parameter "clock_enable_output_a" = "BYPASS"
    Info (12134): Parameter "init_file" = "../../sw/finch.hex"
    Info (12134): Parameter "intended_device_family" = "MAX 10"
    Info (12134): Parameter "lpm_hint" = "ENABLE_RUNTIME_MOD=YES,INSTANCE_NAME=ROM0"
    Info (12134): Parameter "lpm_type" = "altsyncram"
    Info (12134): Parameter "numwords_a" = "16384"
    Info (12134): Parameter "operation_mode" = "ROM"
    Info (12134): Parameter "outdata_aclr_a" = "NONE"
    Info (12134): Parameter "outdata_reg_a" = "CLOCK0"
    Info (12134): Parameter "ram_block_type" = "M9K"
    Info (12134): Parameter "widthad_a" = "14"
    Info (12134): Parameter "width_a" = "8"
    Info (12134): Parameter "width_byteena_a" = "1"
Info (12021): Found 1 design units, including 1 entities, in source file db/altsyncram_h0d1.tdf
    Info (12023): Found entity 1: altsyncram_h0d1 File: /media/sf_tmp/BeMicro_Max10_VGA/altera/BeMicro_Max10_template/db/altsyncram_h0d1.tdf Line: 28
Info (12128): Elaborating entity "altsyncram_h0d1" for hierarchy "rom_0:finch|altsyncram:altsyncram_component|altsyncram_h0d1:auto_generated" File: /opt/intelFPGA_lite/21.1/quartus/libraries/megafunctions/altsyncram.tdf Line: 792
Info (12021): Found 1 design units, including 1 entities, in source file db/altsyncram_lje2.tdf
    Info (12023): Found entity 1: altsyncram_lje2 File: /media/sf_tmp/BeMicro_Max10_VGA/altera/BeMicro_Max10_template/db/altsyncram_lje2.tdf Line: 34
Info (12128): Elaborating entity "altsyncram_lje2" for hierarchy "rom_0:finch|altsyncram:altsyncram_component|altsyncram_h0d1:auto_generated|altsyncram_lje2:altsyncram1" File: /media/sf_tmp/BeMicro_Max10_VGA/altera/BeMicro_Max10_template/db/altsyncram_h0d1.tdf Line: 35
Info (12021): Found 1 design units, including 1 entities, in source file db/decode_97a.tdf
    Info (12023): Found entity 1: decode_97a File: /media/sf_tmp/BeMicro_Max10_VGA/altera/BeMicro_Max10_template/db/decode_97a.tdf Line: 23
Info (12128): Elaborating entity "decode_97a" for hierarchy "rom_0:finch|altsyncram:altsyncram_component|altsyncram_h0d1:auto_generated|altsyncram_lje2:altsyncram1|decode_97a:decode4" File: /media/sf_tmp/BeMicro_Max10_VGA/altera/BeMicro_Max10_template/db/altsyncram_lje2.tdf Line: 49
Info (12021): Found 1 design units, including 1 entities, in source file db/decode_2j9.tdf
    Info (12023): Found entity 1: decode_2j9 File: /media/sf_tmp/BeMicro_Max10_VGA/altera/BeMicro_Max10_template/db/decode_2j9.tdf Line: 23
Info (12128): Elaborating entity "decode_2j9" for hierarchy "rom_0:finch|altsyncram:altsyncram_component|altsyncram_h0d1:auto_generated|altsyncram_lje2:altsyncram1|decode_2j9:rden_decode_a" File: /media/sf_tmp/BeMicro_Max10_VGA/altera/BeMicro_Max10_template/db/altsyncram_lje2.tdf Line: 51
Info (12021): Found 1 design units, including 1 entities, in source file db/mux_p1b.tdf
    Info (12023): Found entity 1: mux_p1b File: /media/sf_tmp/BeMicro_Max10_VGA/altera/BeMicro_Max10_template/db/mux_p1b.tdf Line: 23
Info (12128): Elaborating entity "mux_p1b" for hierarchy "rom_0:finch|altsyncram:altsyncram_component|altsyncram_h0d1:auto_generated|altsyncram_lje2:altsyncram1|mux_p1b:mux6" File: /media/sf_tmp/BeMicro_Max10_VGA/altera/BeMicro_Max10_template/db/altsyncram_lje2.tdf Line: 53
Info (12128): Elaborating entity "sld_mod_ram_rom" for hierarchy "rom_0:finch|altsyncram:altsyncram_component|altsyncram_h0d1:auto_generated|sld_mod_ram_rom:mgl_prim2" File: /media/sf_tmp/BeMicro_Max10_VGA/altera/BeMicro_Max10_template/db/altsyncram_h0d1.tdf Line: 36
Info (12130): Elaborated megafunction instantiation "rom_0:finch|altsyncram:altsyncram_component|altsyncram_h0d1:auto_generated|sld_mod_ram_rom:mgl_prim2" File: /media/sf_tmp/BeMicro_Max10_VGA/altera/BeMicro_Max10_template/db/altsyncram_h0d1.tdf Line: 36
Info (12133): Instantiated megafunction "rom_0:finch|altsyncram:altsyncram_component|altsyncram_h0d1:auto_generated|sld_mod_ram_rom:mgl_prim2" with the following parameter: File: /media/sf_tmp/BeMicro_Max10_VGA/altera/BeMicro_Max10_template/db/altsyncram_h0d1.tdf Line: 36
    Info (12134): Parameter "CVALUE" = "00000000"
    Info (12134): Parameter "IS_DATA_IN_RAM" = "1"
    Info (12134): Parameter "IS_READABLE" = "1"
    Info (12134): Parameter "NODE_NAME" = "1380928816"
    Info (12134): Parameter "NUMWORDS" = "16384"
    Info (12134): Parameter "SHIFT_COUNT_BITS" = "4"
    Info (12134): Parameter "WIDTH_WORD" = "8"
    Info (12134): Parameter "WIDTHAD" = "14"
Info (12128): Elaborating entity "sld_jtag_endpoint_adapter" for hierarchy "rom_0:finch|altsyncram:altsyncram_component|altsyncram_h0d1:auto_generated|sld_mod_ram_rom:mgl_prim2|sld_jtag_endpoint_adapter:jtag_signal_adapter" File: /opt/intelFPGA_lite/21.1/quartus/libraries/megafunctions/sld_mod_ram_rom.vhd Line: 302
Info (12128): Elaborating entity "sld_jtag_endpoint_adapter_impl" for hierarchy "rom_0:finch|altsyncram:altsyncram_component|altsyncram_h0d1:auto_generated|sld_mod_ram_rom:mgl_prim2|sld_jtag_endpoint_adapter:jtag_signal_adapter|sld_jtag_endpoint_adapter_impl:sld_jtag_endpoint_adapter_impl_inst" File: /opt/intelFPGA_lite/21.1/quartus/libraries/megafunctions/sld_jtag_endpoint_adapter.vhd Line: 232
Info (12128): Elaborating entity "sld_rom_sr" for hierarchy "rom_0:finch|altsyncram:altsyncram_component|altsyncram_h0d1:auto_generated|sld_mod_ram_rom:mgl_prim2|sld_rom_sr:\ram_rom_logic_gen:name_gen:info_rom_sr" File: /opt/intelFPGA_lite/21.1/quartus/libraries/megafunctions/sld_mod_ram_rom.vhd Line: 828
Info (11170): Starting IP generation for the debug fabric: alt_sld_fab.
Info (11172): 2022.01.08.15:29:19 Progress: Loading sld470ac7bb/alt_sld_fab_wrapper_hw.tcl
Info (11172): Alt_sld_fab.alt_sld_fab: SLD fabric agents which did not specify prefer_host were connected to JTAG
Info (11172): Alt_sld_fab: Generating alt_sld_fab "alt_sld_fab" for QUARTUS_SYNTH
Info (11172): Alt_sld_fab: "alt_sld_fab" instantiated alt_sld_fab "alt_sld_fab"
Info (11172): Presplit: "alt_sld_fab" instantiated altera_super_splitter "presplit"
Info (11172): Splitter: "alt_sld_fab" instantiated altera_sld_splitter "splitter"
Info (11172): Sldfabric: "alt_sld_fab" instantiated altera_sld_jtag_hub "sldfabric"
Info (11172): Ident: "alt_sld_fab" instantiated altera_connection_identification_hub "ident"
Info (11172): Alt_sld_fab: Done "alt_sld_fab" with 6 modules, 6 files
Info (11171): Finished IP generation for the debug fabric: alt_sld_fab.
Info (12021): Found 1 design units, including 1 entities, in source file db/ip/sld470ac7bb/alt_sld_fab.v
    Info (12023): Found entity 1: alt_sld_fab File: /media/sf_tmp/BeMicro_Max10_VGA/altera/BeMicro_Max10_template/db/ip/sld470ac7bb/alt_sld_fab.v Line: 9
Info (12021): Found 1 design units, including 1 entities, in source file db/ip/sld470ac7bb/submodules/alt_sld_fab_alt_sld_fab.v
    Info (12023): Found entity 1: alt_sld_fab_alt_sld_fab File: /media/sf_tmp/BeMicro_Max10_VGA/altera/BeMicro_Max10_template/db/ip/sld470ac7bb/submodules/alt_sld_fab_alt_sld_fab.v Line: 9
Info (12021): Found 1 design units, including 1 entities, in source file db/ip/sld470ac7bb/submodules/alt_sld_fab_alt_sld_fab_ident.sv
    Info (12023): Found entity 1: alt_sld_fab_alt_sld_fab_ident File: /media/sf_tmp/BeMicro_Max10_VGA/altera/BeMicro_Max10_template/db/ip/sld470ac7bb/submodules/alt_sld_fab_alt_sld_fab_ident.sv Line: 33
Info (12021): Found 1 design units, including 1 entities, in source file db/ip/sld470ac7bb/submodules/alt_sld_fab_alt_sld_fab_presplit.sv
    Info (12023): Found entity 1: alt_sld_fab_alt_sld_fab_presplit File: /media/sf_tmp/BeMicro_Max10_VGA/altera/BeMicro_Max10_template/db/ip/sld470ac7bb/submodules/alt_sld_fab_alt_sld_fab_presplit.sv Line: 3
Info (12021): Found 2 design units, including 1 entities, in source file db/ip/sld470ac7bb/submodules/alt_sld_fab_alt_sld_fab_sldfabric.vhd
    Info (12022): Found design unit 1: alt_sld_fab_alt_sld_fab_sldfabric-rtl File: /media/sf_tmp/BeMicro_Max10_VGA/altera/BeMicro_Max10_template/db/ip/sld470ac7bb/submodules/alt_sld_fab_alt_sld_fab_sldfabric.vhd Line: 102
    Info (12023): Found entity 1: alt_sld_fab_alt_sld_fab_sldfabric File: /media/sf_tmp/BeMicro_Max10_VGA/altera/BeMicro_Max10_template/db/ip/sld470ac7bb/submodules/alt_sld_fab_alt_sld_fab_sldfabric.vhd Line: 11
Info (12021): Found 1 design units, including 1 entities, in source file db/ip/sld470ac7bb/submodules/alt_sld_fab_alt_sld_fab_splitter.sv
    Info (12023): Found entity 1: alt_sld_fab_alt_sld_fab_splitter File: /media/sf_tmp/BeMicro_Max10_VGA/altera/BeMicro_Max10_template/db/ip/sld470ac7bb/submodules/alt_sld_fab_alt_sld_fab_splitter.sv Line: 3
Warning (12241): 1 hierarchies have connectivity warnings - see the Connectivity Checks report folder


